1578042511.579661 client started (59916): version 2.9a, socket /private/tmp/tmux-501/default, protocol 8
1578042511.579745 on Darwin 18.7.0 Darwin Kernel Version 18.7.0: Sat Oct 12 00:02:19 PDT 2019; root:xnu-4903.278.12~1/RELEASE_X86_64; libevent 2.1.11-stable (select)
1578042511.579810 socket is /private/tmp/tmux-501/default
1578042511.579843 trying connect
1578042511.579997 add peer 0x10df7a000: 6 (0x0)
1578042511.586978 sending message 100 to peer 0x10df7a000 (4 bytes)
1578042511.587015 sending message 101 to peer 0x10df7a000 (12 bytes)
1578042511.587026 sending message 102 to peer 0x10df7a000 (13 bytes)
1578042511.587036 sending message 108 to peer 0x10df7a000 (45 bytes)
1578042511.587056 sending message 104 to peer 0x10df7a000 (0 bytes)
1578042511.587066 sending message 107 to peer 0x10df7a000 (4 bytes)
1578042511.587075 sending message 105 to peer 0x10df7a000 (28 bytes)
1578042511.587084 sending message 105 to peer 0x10df7a000 (16 bytes)
1578042511.587092 sending message 105 to peer 0x10df7a000 (17 bytes)
1578042511.587101 sending message 105 to peer 0x10df7a000 (14 bytes)
1578042511.587109 sending message 105 to peer 0x10df7a000 (11 bytes)
1578042511.587118 sending message 105 to peer 0x10df7a000 (57 bytes)
1578042511.587127 sending message 105 to peer 0x10df7a000 (76 bytes)
1578042511.587135 sending message 105 to peer 0x10df7a000 (27 bytes)
1578042511.587144 sending message 105 to peer 0x10df7a000 (53 bytes)
1578042511.587153 sending message 105 to peer 0x10df7a000 (20 bytes)
1578042511.587161 sending message 105 to peer 0x10df7a000 (16 bytes)
1578042511.587170 sending message 105 to peer 0x10df7a000 (66 bytes)
1578042511.587179 sending message 105 to peer 0x10df7a000 (32 bytes)
1578042511.587187 sending message 105 to peer 0x10df7a000 (70 bytes)
1578042511.587196 sending message 105 to peer 0x10df7a000 (49 bytes)
1578042511.587205 sending message 105 to peer 0x10df7a000 (17 bytes)
1578042511.587213 sending message 105 to peer 0x10df7a000 (14 bytes)
1578042511.587222 sending message 105 to peer 0x10df7a000 (23 bytes)
1578042511.587231 sending message 105 to peer 0x10df7a000 (19 bytes)
1578042511.587239 sending message 105 to peer 0x10df7a000 (8 bytes)
1578042511.587248 sending message 105 to peer 0x10df7a000 (23 bytes)
1578042511.587256 sending message 105 to peer 0x10df7a000 (26 bytes)
1578042511.587265 sending message 105 to peer 0x10df7a000 (19 bytes)
1578042511.587274 sending message 105 to peer 0x10df7a000 (22 bytes)
1578042511.587282 sending message 105 to peer 0x10df7a000 (57 bytes)
1578042511.587291 sending message 106 to peer 0x10df7a000 (0 bytes)
1578042511.587305 sending message 200 to peer 0x10df7a000 (4 bytes)
1578042511.587314 client loop enter
1578042511.591573 peer 0x10df7a000 message 207
1578042511.591604 sending message 208 to peer 0x10df7a000 (0 bytes)
1578042518.246512 peer 0x10df7a000 message 203
1578042518.246554 sending message 205 to peer 0x10df7a000 (0 bytes)
1578042518.246781 peer 0x10df7a000 message 204
1578042518.246806 client loop exit
